[ 2015-10-23T14:26:02+08:00 ] 127.0.0.1 /my/invite
INFO: [ app_init ] --START--
INFO: Run Behavior\BuildLiteBehavior [ RunTime:0.000036s ]
INFO: [ app_init ] --END-- [ RunTime:0.001320s ]
INFO: [ app_begin ] --START--
INFO: Run Behavior\ReadHtmlCacheBehavior [ RunTime:0.001780s ]
INFO: [ app_begin ] --END-- [ RunTime:0.001918s ]
SQL: SHOW COLUMNS FROM `invite` [ RunTime:0.0052s ]
SQL: SELECT * FROM `invite` WHERE `sender_id` = null  [ RunTime:0.0003s ]
INFO: [ view_parse ] --START--
INFO: [ template_filter ] --START--
INFO: Run Behavior\ContentReplaceBehavior [ RunTime:0.000071s ]
INFO: [ template_filter ] --END-- [ RunTime:0.000190s ]
INFO: Run Behavior\ParseTemplateBehavior [ RunTime:0.013993s ]
INFO: [ view_parse ] --END-- [ RunTime:0.014112s ]
INFO: [ view_filter ] --START--
INFO: Run Behavior\WriteHtmlCacheBehavior [ RunTime:0.001564s ]
INFO: [ view_filter ] --END-- [ RunTime:0.001658s ]
INFO: [ app_end ] --START--
INFO: Run Behavior\ShowPageTraceBehavior [ RunTime:0.001324s ]
INFO: [ app_end ] --END-- [ RunTime:0.001413s ]

[ 2015-10-23T14:26:38+08:00 ] 127.0.0.1 /my/invite
INFO: [ app_init ] --START--
INFO: Run Behavior\BuildLiteBehavior [ RunTime:0.000024s ]
INFO: [ app_init ] --END-- [ RunTime:0.000655s ]
INFO: [ app_begin ] --START--
INFO: Run Behavior\ReadHtmlCacheBehavior [ RunTime:0.001112s ]
INFO: [ app_begin ] --END-- [ RunTime:0.001211s ]
SQL: SHOW COLUMNS FROM `invite` [ RunTime:0.0045s ]
SQL: SELECT * FROM `invite` WHERE `sender_id` = null  [ RunTime:0.0003s ]
INFO: [ view_parse ] --START--
INFO: [ template_filter ] --START--
INFO: Run Behavior\ContentReplaceBehavior [ RunTime:0.000065s ]
INFO: [ template_filter ] --END-- [ RunTime:0.000163s ]
INFO: Run Behavior\ParseTemplateBehavior [ RunTime:0.011938s ]
INFO: [ view_parse ] --END-- [ RunTime:0.012041s ]
INFO: [ view_filter ] --START--
INFO: Run Behavior\WriteHtmlCacheBehavior [ RunTime:0.000695s ]
INFO: [ view_filter ] --END-- [ RunTime:0.000776s ]
INFO: [ app_end ] --START--
INFO: Run Behavior\ShowPageTraceBehavior [ RunTime:0.000956s ]
INFO: [ app_end ] --END-- [ RunTime:0.001045s ]

[ 2015-10-23T14:27:00+08:00 ] 127.0.0.1 /my/invite
INFO: [ app_init ] --START--
INFO: Run Behavior\BuildLiteBehavior [ RunTime:0.000043s ]
INFO: [ app_init ] --END-- [ RunTime:0.000701s ]
INFO: [ app_begin ] --START--
INFO: Run Behavior\ReadHtmlCacheBehavior [ RunTime:0.001306s ]
INFO: [ app_begin ] --END-- [ RunTime:0.001432s ]
SQL: SHOW COLUMNS FROM `invite` [ RunTime:0.0049s ]
SQL: SELECT * FROM `invite` WHERE `sender_id` = null  [ RunTime:0.0003s ]
INFO: [ view_parse ] --START--
INFO: [ template_filter ] --START--
INFO: Run Behavior\ContentReplaceBehavior [ RunTime:0.000066s ]
INFO: [ template_filter ] --END-- [ RunTime:0.000175s ]
INFO: Run Behavior\ParseTemplateBehavior [ RunTime:0.013091s ]
INFO: [ view_parse ] --END-- [ RunTime:0.013211s ]
INFO: [ view_filter ] --START--
INFO: Run Behavior\WriteHtmlCacheBehavior [ RunTime:0.000815s ]
INFO: [ view_filter ] --END-- [ RunTime:0.000904s ]
INFO: [ app_end ] --START--
INFO: Run Behavior\ShowPageTraceBehavior [ RunTime:0.001061s ]
INFO: [ app_end ] --END-- [ RunTime:0.001154s ]

[ 2015-10-23T14:27:21+08:00 ] 127.0.0.1 /my/invite
INFO: [ app_init ] --START--
INFO: Run Behavior\BuildLiteBehavior [ RunTime:0.000030s ]
INFO: [ app_init ] --END-- [ RunTime:0.000717s ]
INFO: [ app_begin ] --START--
INFO: Run Behavior\ReadHtmlCacheBehavior [ RunTime:0.001064s ]
INFO: [ app_begin ] --END-- [ RunTime:0.001191s ]
SQL: SHOW COLUMNS FROM `invite` [ RunTime:0.0046s ]
SQL: SELECT * FROM `invite` WHERE `sender_id` = null  [ RunTime:0.0005s ]
INFO: [ view_parse ] --START--
INFO: [ template_filter ] --START--
INFO: Run Behavior\ContentReplaceBehavior [ RunTime:0.000072s ]
INFO: [ template_filter ] --END-- [ RunTime:0.000218s ]
INFO: Run Behavior\ParseTemplateBehavior [ RunTime:0.012748s ]
INFO: [ view_parse ] --END-- [ RunTime:0.012957s ]
INFO: [ view_filter ] --START--
INFO: Run Behavior\WriteHtmlCacheBehavior [ RunTime:0.000710s ]
INFO: [ view_filter ] --END-- [ RunTime:0.000803s ]
INFO: [ app_end ] --START--
INFO: Run Behavior\ShowPageTraceBehavior [ RunTime:0.000898s ]
INFO: [ app_end ] --END-- [ RunTime:0.000982s ]

[ 2015-10-23T14:27:42+08:00 ] 127.0.0.1 /my/invite
INFO: [ app_init ] --START--
INFO: Run Behavior\BuildLiteBehavior [ RunTime:0.000025s ]
INFO: [ app_init ] --END-- [ RunTime:0.000635s ]
INFO: [ app_begin ] --START--
INFO: Run Behavior\ReadHtmlCacheBehavior [ RunTime:0.001314s ]
INFO: [ app_begin ] --END-- [ RunTime:0.001424s ]
SQL: SHOW COLUMNS FROM `invite` [ RunTime:0.0045s ]
SQL: SELECT * FROM `invite` WHERE `sender_id` = null  [ RunTime:0.0003s ]
INFO: [ view_parse ] --START--
INFO: [ template_filter ] --START--
INFO: Run Behavior\ContentReplaceBehavior [ RunTime:0.000068s ]
INFO: [ template_filter ] --END-- [ RunTime:0.000177s ]
INFO: Run Behavior\ParseTemplateBehavior [ RunTime:0.011814s ]
INFO: [ view_parse ] --END-- [ RunTime:0.011925s ]
INFO: [ view_filter ] --START--
INFO: Run Behavior\WriteHtmlCacheBehavior [ RunTime:0.000998s ]
INFO: [ view_filter ] --END-- [ RunTime:0.001100s ]
INFO: [ app_end ] --START--
INFO: Run Behavior\ShowPageTraceBehavior [ RunTime:0.001178s ]
INFO: [ app_end ] --END-- [ RunTime:0.001281s ]

[ 2015-10-23T15:23:58+08:00 ] 127.0.0.1 /my/invite
INFO: [ app_init ] --START--
INFO: Run Behavior\BuildLiteBehavior [ RunTime:0.000030s ]
INFO: [ app_init ] --END-- [ RunTime:0.001333s ]
INFO: [ app_begin ] --START--
INFO: Run Behavior\ReadHtmlCacheBehavior [ RunTime:0.001393s ]
INFO: [ app_begin ] --END-- [ RunTime:0.001531s ]
SQL: SHOW COLUMNS FROM `invite` [ RunTime:0.0039s ]
SQL: SELECT * FROM `invite` WHERE `sender_id` = null  [ RunTime:0.0003s ]
INFO: [ view_parse ] --START--
INFO: [ template_filter ] --START--
INFO: Run Behavior\ContentReplaceBehavior [ RunTime:0.000070s ]
INFO: [ template_filter ] --END-- [ RunTime:0.000181s ]
INFO: Run Behavior\ParseTemplateBehavior [ RunTime:0.012382s ]
INFO: [ view_parse ] --END-- [ RunTime:0.012500s ]
INFO: [ view_filter ] --START--
INFO: Run Behavior\WriteHtmlCacheBehavior [ RunTime:0.000798s ]
INFO: [ view_filter ] --END-- [ RunTime:0.000889s ]
INFO: [ app_end ] --START--
INFO: Run Behavior\ShowPageTraceBehavior [ RunTime:0.001058s ]
INFO: [ app_end ] --END-- [ RunTime:0.001164s ]

